生成启动时间为 2017/7/8 20:52:30。
     1>项目“E:\研究生学习\哈夫曼树查找关键字\哈夫曼树查找关键字\哈夫曼树查找关键字.vcxproj”在节点 2 上(build 个目标)。
     1>InitializeBuildStatus:
         正在创建“Debug\哈夫曼树查找关键字.unsuccessfulbuild”，因为已指定“AlwaysCreate”。
       ClCompile:
         D:\Program Files (x86)\VC\bin\CL.exe /c /ZI /nologo /W3 /WX- /Od /Oy- /D _UNICODE /D UNICODE /Gm /EHsc /RTC1 /MDd /GS /fp:precise /Zc:wchar_t /Zc:forScope /Fo"Debug\\" /Fd"Debug\vc100.pdb" /Gd /TP /analyze- /errorReport:prompt hfmfind.cpp
         hfmfind.cpp
     1>e:\研究生学习\哈夫曼树查找关键字\哈夫曼树查找关键字\hfmfind.cpp(140): warning C4996: 'scanf': This function or variable may be unsafe. Consider using scanf_s instead. To disable deprecation, use _CRT_SECURE_NO_WARNINGS. See online help for details.
                 d:\program files (x86)\vc\include\stdio.h(304) : 参见“scanf”的声明
     1>e:\研究生学习\哈夫曼树查找关键字\哈夫曼树查找关键字\hfmfind.cpp(133): warning C4101: “w”: 未引用的局部变量
     1>e:\研究生学习\哈夫曼树查找关键字\哈夫曼树查找关键字\hfmfind.cpp(133): warning C4101: “i”: 未引用的局部变量
     1>e:\研究生学习\哈夫曼树查找关键字\哈夫曼树查找关键字\hfmfind.cpp(133): warning C4101: “m”: 未引用的局部变量
       Link:
         D:\Program Files (x86)\VC\bin\link.exe /ERRORREPORT:PROMPT /OUT:"E:\研究生学习\哈夫曼树查找关键字\Debug\哈夫曼树查找关键字.exe" /NOLOGO kernel32.lib user32.lib gdi32.lib winspool.lib comdlg32.lib advapi32.lib shell32.lib ole32.lib oleaut32.lib uuid.lib odbc32.lib odbccp32.lib /MANIFEST /ManifestFile:"Debug\哈夫曼树查找关键字.exe.intermediate.manifest" /MANIFESTUAC:"level='asInvoker' uiAccess='false'" /DEBUG /PDB:"E:\研究生学习\哈夫曼树查找关键字\Debug\哈夫曼树查找关键字.pdb" /TLBID:1 /DYNAMICBASE /NXCOMPAT /IMPLIB:"E:\研究生学习\哈夫曼树查找关键字\Debug\哈夫曼树查找关键字.lib" /MACHINE:X86 Debug\hfmfind.obj
         LINK : 没有找到 E:\研究生学习\哈夫曼树查找关键字\Debug\哈夫曼树查找关键字.exe 或上一个增量链接没有生成它；正在执行完全链接
         哈夫曼树查找关键字.vcxproj -> E:\研究生学习\哈夫曼树查找关键字\Debug\哈夫曼树查找关键字.exe
       Manifest:
         C:\Program Files (x86)\Microsoft SDKs\Windows\v7.0A\bin\mt.exe /nologo /verbose /outputresource:"E:\研究生学习\哈夫曼树查找关键字\Debug\哈夫曼树查找关键字.exe;#1" /manifest "Debug\哈夫曼树查找关键字.exe.intermediate.manifest"
       FinalizeBuildStatus:
         正在删除文件“Debug\哈夫曼树查找关键字.unsuccessfulbuild”。
         正在对“Debug\哈夫曼树查找关键字.lastbuildstate”执行 Touch 任务。
     1>已完成生成项目“E:\研究生学习\哈夫曼树查找关键字\哈夫曼树查找关键字\哈夫曼树查找关键字.vcxproj”(build 个目标)的操作。

生成成功。

已用时间 00:00:01.66
