生成启动时间为 2017/7/17 星期一 15:52:37。
     1>项目“C:\Users\Administrator\Desktop\多关键字的快速查找\文件读入\文件读入\文件读入.vcxproj”在节点 2 上(build 个目标)。
     1>InitializeBuildStatus:
         正在创建“Debug\文件读入.unsuccessfulbuild”，因为已指定“AlwaysCreate”。
       ClCompile:
         F:\Program  File(x86)\vs2010\VC\bin\CL.exe /c /ZI /nologo /W3 /WX- /Od /Oy- /D _UNICODE /D UNICODE /Gm /EHsc /RTC1 /MDd /GS /fp:precise /Zc:wchar_t /Zc:forScope /Fo"Debug\\" /Fd"Debug\vc100.pdb" /Gd /TP /analyze- /errorReport:prompt FileRead.cpp
         FileRead.cpp
     1>c:\users\administrator\desktop\多关键字的快速查找\文件读入\文件读入\fileread.cpp(124): warning C4996: 'strcpy': This function or variable may be unsafe. Consider using strcpy_s instead. To disable deprecation, use _CRT_SECURE_NO_WARNINGS. See online help for details.
                 f:\program  file(x86)\vs2010\vc\include\string.h(105) : 参见“strcpy”的声明
     1>c:\users\administrator\desktop\多关键字的快速查找\文件读入\文件读入\fileread.cpp(93): warning C4101: “j”: 未引用的局部变量
     1>c:\users\administrator\desktop\多关键字的快速查找\文件读入\文件读入\fileread.cpp(138): warning C4996: 'scanf': This function or variable may be unsafe. Consider using scanf_s instead. To disable deprecation, use _CRT_SECURE_NO_WARNINGS. See online help for details.
                 f:\program  file(x86)\vs2010\vc\include\stdio.h(304) : 参见“scanf”的声明
     1>c:\users\administrator\desktop\多关键字的快速查找\文件读入\文件读入\fileread.cpp(132): warning C4101: “w”: 未引用的局部变量
     1>c:\users\administrator\desktop\多关键字的快速查找\文件读入\文件读入\fileread.cpp(132): warning C4101: “m”: 未引用的局部变量
       Link:
         F:\Program  File(x86)\vs2010\VC\bin\link.exe /ERRORREPORT:PROMPT /OUT:"C:\Users\Administrator\Desktop\多关键字的快速查找\文件读入\Debug\文件读入.exe" /NOLOGO kernel32.lib user32.lib gdi32.lib winspool.lib comdlg32.lib advapi32.lib shell32.lib ole32.lib oleaut32.lib uuid.lib odbc32.lib odbccp32.lib /MANIFEST /ManifestFile:"Debug\文件读入.exe.intermediate.manifest" /MANIFESTUAC:"level='asInvoker' uiAccess='false'" /DEBUG /PDB:"C:\Users\Administrator\Desktop\多关键字的快速查找\文件读入\Debug\文件读入.pdb" /TLBID:1 /DYNAMICBASE /NXCOMPAT /IMPLIB:"C:\Users\Administrator\Desktop\多关键字的快速查找\文件读入\Debug\文件读入.lib" /MACHINE:X86 Debug\FileRead.obj
         LINK : 没有找到 C:\Users\Administrator\Desktop\多关键字的快速查找\文件读入\Debug\文件读入.exe 或上一个增量链接没有生成它；正在执行完全链接
         文件读入.vcxproj -> C:\Users\Administrator\Desktop\多关键字的快速查找\文件读入\Debug\文件读入.exe
       Manifest:
         C:\Program Files (x86)\Microsoft SDKs\Windows\v7.0A\bin\mt.exe /nologo /verbose /outputresource:"C:\Users\Administrator\Desktop\多关键字的快速查找\文件读入\Debug\文件读入.exe;#1" /manifest "Debug\文件读入.exe.intermediate.manifest"
       FinalizeBuildStatus:
         正在删除文件“Debug\文件读入.unsuccessfulbuild”。
         正在对“Debug\文件读入.lastbuildstate”执行 Touch 任务。
     1>已完成生成项目“C:\Users\Administrator\Desktop\多关键字的快速查找\文件读入\文件读入\文件读入.vcxproj”(build 个目标)的操作。

生成成功。

已用时间 00:00:01.29
