生成启动时间为 2017/7/13 星期四 20:28:25。
     1>项目“G:\研究生学习\折半查找法\折半查找法\折半查找法.vcxproj”在节点 2 上(build 个目标)。
     1>InitializeBuildStatus:
         正在创建“Debug\折半查找法.unsuccessfulbuild”，因为已指定“AlwaysCreate”。
       ClCompile:
         F:\Program  File(x86)\vs2010\VC\bin\CL.exe /c /ZI /nologo /W3 /WX- /Od /Oy- /D _UNICODE /D UNICODE /Gm /EHsc /RTC1 /MDd /GS /fp:precise /Zc:wchar_t /Zc:forScope /Fo"Debug\\" /Fd"Debug\vc100.pdb" /Gd /TP /analyze- /errorReport:prompt "2分法.cpp"
         2分法.cpp
     1>g:\研究生学习\折半查找法\折半查找法\2分法.cpp(29): warning C4101: “i”: 未引用的局部变量
       Link:
         F:\Program  File(x86)\vs2010\VC\bin\link.exe /ERRORREPORT:PROMPT /OUT:"G:\研究生学习\折半查找法\Debug\折半查找法.exe" /NOLOGO kernel32.lib user32.lib gdi32.lib winspool.lib comdlg32.lib advapi32.lib shell32.lib ole32.lib oleaut32.lib uuid.lib odbc32.lib odbccp32.lib /MANIFEST /ManifestFile:"Debug\折半查找法.exe.intermediate.manifest" /MANIFESTUAC:"level='asInvoker' uiAccess='false'" /DEBUG /PDB:"G:\研究生学习\折半查找法\Debug\折半查找法.pdb" /TLBID:1 /DYNAMICBASE /NXCOMPAT /IMPLIB:"G:\研究生学习\折半查找法\Debug\折半查找法.lib" /MACHINE:X86 "Debug\2分法.obj"
         LINK : 没有找到 G:\研究生学习\折半查找法\Debug\折半查找法.exe 或上一个增量链接没有生成它；正在执行完全链接
         折半查找法.vcxproj -> G:\研究生学习\折半查找法\Debug\折半查找法.exe
       Manifest:
         C:\Program Files (x86)\Microsoft SDKs\Windows\v7.0A\bin\mt.exe /nologo /verbose /outputresource:"G:\研究生学习\折半查找法\Debug\折半查找法.exe;#1" /manifest "Debug\折半查找法.exe.intermediate.manifest"
       FinalizeBuildStatus:
         正在删除文件“Debug\折半查找法.unsuccessfulbuild”。
         正在对“Debug\折半查找法.lastbuildstate”执行 Touch 任务。
     1>已完成生成项目“G:\研究生学习\折半查找法\折半查找法\折半查找法.vcxproj”(build 个目标)的操作。

生成成功。

已用时间 00:00:00.92
