生成启动时间为 2017/7/25 星期二 16:03:57。
     1>项目“G:\研究生学习\面向对象的表达式计算器10\面向对象的表达式计算器1\面向对象的表达式计算器1.vcxproj”在节点 2 上(Build 个目标)。
     1>ClCompile:
         F:\Program  File(x86)\vs2015\VC\bin\CL.exe /c /ZI /nologo /W3 /WX- /sdl /Od /Oy- /D _UNICODE /D UNICODE /Gm /EHsc /RTC1 /MDd /GS /fp:precise /Zc:wchar_t /Zc:forScope /Zc:inline /Fo"Debug\\" /Fd"Debug\vc140.pdb" /Gd /TP /analyze- /errorReport:prompt Calc.cpp Node.cpp Parser.cpp "源.cpp"
         Parser.cpp
         Node.cpp
         正在生成代码...
         正在编译...
         源.cpp
         Calc.cpp
         正在生成代码...
       Link:
         F:\Program  File(x86)\vs2015\VC\bin\link.exe /ERRORREPORT:PROMPT /OUT:"G:\研究生学习\面向对象的表达式计算器10\Debug\面向对象的表达式计算器1.exe" /INCREMENTAL /NOLOGO kernel32.lib user32.lib gdi32.lib winspool.lib comdlg32.lib advapi32.lib shell32.lib ole32.lib oleaut32.lib uuid.lib odbc32.lib odbccp32.lib /MANIFEST /MANIFESTUAC:"level='asInvoker' uiAccess='false'" /manifest:embed /Debug /PDB:"G:\研究生学习\面向对象的表达式计算器10\Debug\面向对象的表达式计算器1.pdb" /TLBID:1 /DYNAMICBASE /NXCOMPAT /IMPLIB:"G:\研究生学习\面向对象的表达式计算器10\Debug\面向对象的表达式计算器1.lib" /MACHINE:X86 Debug\Calc.obj
         Debug\FunctionTable.obj
         Debug\Node.obj
         Debug\Parser.obj
         Debug\Scanner.obj
         Debug\Storage.obj
         Debug\SymbolTable.obj
         "Debug\源.obj"
         面向对象的表达式计算器1.vcxproj -> G:\研究生学习\面向对象的表达式计算器10\Debug\面向对象的表达式计算器1.exe
     1>已完成生成项目“G:\研究生学习\面向对象的表达式计算器10\面向对象的表达式计算器1\面向对象的表达式计算器1.vcxproj”(Build 个目标)的操作。

已成功生成。

已用时间 00:00:03.62
