生成启动时间为 2017/7/17 星期一 14:46:40。
     1>项目“G:\研究生学习 代码\HoffmanCoding\HoffmanCoding\HoffmanCoding.vcxproj”在节点 2 上(build 个目标)。
     1>InitializeBuildStatus:
         正在创建“Debug\HoffmanCoding.unsuccessfulbuild”，因为已指定“AlwaysCreate”。
       ClCompile:
         F:\Program  File(x86)\vs2010\VC\bin\CL.exe /c /ZI /nologo /W3 /WX- /Od /Oy- /D WIN32 /D _DEBUG /D _CONSOLE /D _UNICODE /D UNICODE /Gm /EHsc /RTC1 /MDd /GS /fp:precise /Zc:wchar_t /Zc:forScope /Fo"Debug\\" /Fd"Debug\vc100.pdb" /Gd /TP /analyze- /errorReport:prompt huffman.cpp
         huffman.cpp
     1>g:\研究生学习 代码\hoffmancoding\hoffmancoding\huffman.cpp(27): warning C4996: 'scanf': This function or variable may be unsafe. Consider using scanf_s instead. To disable deprecation, use _CRT_SECURE_NO_WARNINGS. See online help for details.
                 f:\program  file(x86)\vs2010\vc\include\stdio.h(304) : 参见“scanf”的声明
     1>g:\研究生学习 代码\hoffmancoding\hoffmancoding\huffman.cpp(33): warning C4996: 'scanf': This function or variable may be unsafe. Consider using scanf_s instead. To disable deprecation, use _CRT_SECURE_NO_WARNINGS. See online help for details.
                 f:\program  file(x86)\vs2010\vc\include\stdio.h(304) : 参见“scanf”的声明
     1>g:\研究生学习 代码\hoffmancoding\hoffmancoding\huffman.cpp(38): warning C4996: 'scanf': This function or variable may be unsafe. Consider using scanf_s instead. To disable deprecation, use _CRT_SECURE_NO_WARNINGS. See online help for details.
                 f:\program  file(x86)\vs2010\vc\include\stdio.h(304) : 参见“scanf”的声明
     1>g:\研究生学习 代码\hoffmancoding\hoffmancoding\huffman.cpp(100): warning C4996: 'strcpy': This function or variable may be unsafe. Consider using strcpy_s instead. To disable deprecation, use _CRT_SECURE_NO_WARNINGS. See online help for details.
                 f:\program  file(x86)\vs2010\vc\include\string.h(105) : 参见“strcpy”的声明
     1>g:\研究生学习 代码\hoffmancoding\hoffmancoding\huffman.cpp(70): warning C4101: “j”: 未引用的局部变量
     1>g:\研究生学习 代码\hoffmancoding\hoffmancoding\huffman.cpp(107): warning C4101: “w”: 未引用的局部变量
     1>g:\研究生学习 代码\hoffmancoding\hoffmancoding\huffman.cpp(107): warning C4101: “m”: 未引用的局部变量
       Link:
         F:\Program  File(x86)\vs2010\VC\bin\link.exe /ERRORREPORT:PROMPT /OUT:"G:\研究生学习 代码\HoffmanCoding\Debug\HoffmanCoding.exe" /INCREMENTAL /NOLOGO kernel32.lib user32.lib gdi32.lib winspool.lib comdlg32.lib advapi32.lib shell32.lib ole32.lib oleaut32.lib uuid.lib odbc32.lib odbccp32.lib /MANIFEST /ManifestFile:"Debug\HoffmanCoding.exe.intermediate.manifest" /MANIFESTUAC:"level='asInvoker' uiAccess='false'" /DEBUG /PDB:"G:\研究生学习 代码\HoffmanCoding\Debug\HoffmanCoding.pdb" /SUBSYSTEM:CONSOLE /TLBID:1 /DYNAMICBASE /NXCOMPAT /IMPLIB:"G:\研究生学习 代码\HoffmanCoding\Debug\HoffmanCoding.lib" /MACHINE:X86 Debug\huffman.obj
         HoffmanCoding.vcxproj -> G:\研究生学习 代码\HoffmanCoding\Debug\HoffmanCoding.exe
       Manifest:
         C:\Program Files (x86)\Microsoft SDKs\Windows\v7.0A\bin\mt.exe /nologo /verbose /out:"G:\研究生学习 代码\HoffmanCoding\Debug\HoffmanCoding.exe.manifest" /manifest Debug\HoffmanCoding.exe.intermediate.manifest
       FinalizeBuildStatus:
         正在删除文件“Debug\HoffmanCoding.unsuccessfulbuild”。
         正在对“Debug\HoffmanCoding.lastbuildstate”执行 Touch 任务。
     1>已完成生成项目“G:\研究生学习 代码\HoffmanCoding\HoffmanCoding\HoffmanCoding.vcxproj”(build 个目标)的操作。

生成成功。

已用时间 00:00:02.83
